::1 - - [01/Mar/2022:12:23:46 -0600] "GET / HTTP/1.1" 200 46
::1 - - [01/Mar/2022:12:23:49 -0600] "GET /favicon.ico HTTP/1.1" 404 196
::1 - - [01/Mar/2022:13:16:08 -0600] "GET /info.php HTTP/1.1" 200 26
::1 - - [01/Mar/2022:13:17:31 -0600] "GET /info.php HTTP/1.1" 200 26
::1 - - [01/Mar/2022:13:18:59 -0600] "GET /info.php HTTP/1.1" 304 -
::1 - - [01/Mar/2022:13:22:46 -0600] "GET /info.php HTTP/1.1" 304 -
::1 - - [01/Mar/2022:13:25:13 -0600] "GET /info.php HTTP/1.1" 404 196
::1 - - [01/Mar/2022:13:26:13 -0600] "GET /info.php HTTP/1.1" 404 196
::1 - - [01/Mar/2022:13:27:21 -0600] "GET /info.php HTTP/1.1" 200 26
::1 - - [01/Mar/2022:13:35:56 -0600] "GET /info.php HTTP/1.1" 200 23
::1 - - [01/Mar/2022:13:35:59 -0600] "GET /info.php HTTP/1.1" 304 -
::1 - - [01/Mar/2022:13:36:16 -0600] "GET /info.php HTTP/1.1" 200 26
::1 - - [01/Mar/2022:13:36:35 -0600] "GET /info.php HTTP/1.1" 200 25
::1 - - [01/Mar/2022:13:36:37 -0600] "GET /info.php HTTP/1.1" 304 -
::1 - - [01/Mar/2022:13:38:17 -0600] "GET /info.php HTTP/1.1" 200 25
::1 - - [01/Mar/2022:13:41:40 -0600] "GET /phpinfo.php HTTP/1.1" 404 196
::1 - - [01/Mar/2022:13:44:48 -0600] "GET /info.php HTTP/1.1" 304 -
::1 - - [01/Mar/2022:13:50:02 -0600] "GET /info.php HTTP/1.1" 304 -
::1 - - [01/Mar/2022:13:50:04 -0600] "GET /info.php HTTP/1.1" 304 -
::1 - - [01/Mar/2022:13:51:37 -0600] "GET /info.php HTTP/1.1" 304 -
::1 - - [01/Mar/2022:13:51:39 -0600] "GET /info.php HTTP/1.1" 304 -
::1 - - [01/Mar/2022:14:02:59 -0600] "GET /info.php HTTP/1.1" 304 -
::1 - - [01/Mar/2022:14:03:02 -0600] "GET /info.php HTTP/1.1" 304 -
::1 - - [01/Mar/2022:14:03:31 -0600] "GET /info.php HTTP/1.1" 200 23
::1 - - [01/Mar/2022:14:04:23 -0600] "GET / HTTP/1.1" 200 46
::1 - - [01/Mar/2022:14:04:33 -0600] "GET /phpinfo/ HTTP/1.1" 404 196
::1 - - [01/Mar/2022:14:04:40 -0600] "GET /php.info/ HTTP/1.1" 404 196
::1 - - [01/Mar/2022:14:05:54 -0600] "GET / HTTP/1.1" 200 46
::1 - - [01/Mar/2022:14:07:18 -0600] "GET /info.php HTTP/1.1" 200 72869
::1 - - [02/Mar/2022:14:55:14 -0600] "GET / HTTP/1.1" 200 46
::1 - - [02/Mar/2022:14:55:15 -0600] "GET /favicon.ico HTTP/1.1" 404 196
::1 - - [02/Mar/2022:14:57:02 -0600] "GET /index/ HTTP/1.1" 404 196
::1 - - [02/Mar/2022:14:57:07 -0600] "GET /index.php/ HTTP/1.1" 200 -
::1 - - [02/Mar/2022:15:02:02 -0600] "GET /index.php/ HTTP/1.1" 200 38
::1 - - [02/Mar/2022:15:02:51 -0600] "GET /index.php/ HTTP/1.1" 200 159
::1 - - [02/Mar/2022:15:09:50 -0600] "GET /index.php/ HTTP/1.1" 200 -
::1 - - [02/Mar/2022:15:11:11 -0600] "GET /index.php/ HTTP/1.1" 200 -
::1 - - [02/Mar/2022:15:11:31 -0600] "GET /index.php/ HTTP/1.1" 200 38
::1 - - [02/Mar/2022:15:13:32 -0600] "GET /index.php/ HTTP/1.1" 200 345
::1 - - [02/Mar/2022:15:16:27 -0600] "GET /index.php/ HTTP/1.1" 200 548
::1 - - [02/Mar/2022:15:19:07 -0600] "GET /index.php/ HTTP/1.1" 200 548
::1 - - [02/Mar/2022:15:19:13 -0600] "POST /index.php/ HTTP/1.1" 200 548
::1 - - [02/Mar/2022:15:19:14 -0600] "POST /index.php/ HTTP/1.1" 200 548
::1 - - [02/Mar/2022:15:19:17 -0600] "POST /index.php/ HTTP/1.1" 200 548
::1 - - [02/Mar/2022:15:21:14 -0600] "GET /index.php/ HTTP/1.1" 200 548
::1 - - [02/Mar/2022:15:21:18 -0600] "POST /index.php/ HTTP/1.1" 200 548
::1 - - [02/Mar/2022:15:24:46 -0600] "GET /index.php/ HTTP/1.1" 200 112
::1 - - [02/Mar/2022:15:25:33 -0600] "GET /index.php/ HTTP/1.1" 200 112
::1 - - [02/Mar/2022:15:26:21 -0600] "GET /index.php/ HTTP/1.1" 200 112
::1 - - [02/Mar/2022:15:27:00 -0600] "GET /index.php/ HTTP/1.1" 200 112
::1 - - [02/Mar/2022:15:27:22 -0600] "GET /index.php/ HTTP/1.1" 200 731
::1 - - [02/Mar/2022:15:28:10 -0600] "GET /index.php/ HTTP/1.1" 200 731
::1 - - [02/Mar/2022:15:28:19 -0600] "GET / HTTP/1.1" 200 46
::1 - - [02/Mar/2022:15:28:27 -0600] "GET /index.php/ HTTP/1.1" 200 731
::1 - - [02/Mar/2022:15:34:14 -0600] "GET /index.php/ HTTP/1.1" 200 731
::1 - - [02/Mar/2022:15:34:48 -0600] "GET /index.php/ HTTP/1.1" 200 763
::1 - - [02/Mar/2022:15:35:05 -0600] "GET /index.php/ HTTP/1.1" 200 763
::1 - - [02/Mar/2022:15:35:14 -0600] "GET /index.php/ HTTP/1.1" 200 875
::1 - - [02/Mar/2022:15:35:45 -0600] "GET /index.php/ HTTP/1.1" 200 660
::1 - - [02/Mar/2022:15:49:34 -0600] "GET /index.php/ HTTP/1.1" 200 660
::1 - - [02/Mar/2022:15:49:37 -0600] "GET /index.php/ HTTP/1.1" 200 660
::1 - - [02/Mar/2022:19:23:13 -0600] "GET / HTTP/1.1" 200 46
::1 - - [02/Mar/2022:19:23:14 -0600] "GET /favicon.ico HTTP/1.1" 404 196
::1 - - [02/Mar/2022:19:23:25 -0600] "GET /php.info/ HTTP/1.1" 404 196
::1 - - [02/Mar/2022:19:25:26 -0600] "GET /php.index/ HTTP/1.1" 404 196
::1 - - [02/Mar/2022:19:25:37 -0600] "GET /index.php/ HTTP/1.1" 200 517
::1 - - [02/Mar/2022:19:30:16 -0600] "GET /index.php/ HTTP/1.1" 200 186
::1 - - [02/Mar/2022:19:35:37 -0600] "GET /index.php/ HTTP/1.1" 200 186
::1 - - [02/Mar/2022:19:35:40 -0600] "GET /index.php/ HTTP/1.1" 200 186
::1 - - [02/Mar/2022:19:35:41 -0600] "GET /index.php/ HTTP/1.1" 200 186
::1 - - [02/Mar/2022:19:51:37 -0600] "GET /index.php/ HTTP/1.1" 200 675
::1 - - [02/Mar/2022:19:51:56 -0600] "POST /index.php/ HTTP/1.1" 200 675
::1 - - [02/Mar/2022:20:02:58 -0600] "GET /index.php/ HTTP/1.1" 404 196
::1 - - [02/Mar/2022:20:06:39 -0600] "GET /index.php/ HTTP/1.1" 404 196
::1 - - [02/Mar/2022:20:07:33 -0600] "GET /index.php/ HTTP/1.1" 404 196
::1 - - [02/Mar/2022:20:07:36 -0600] "GET /index.php/ HTTP/1.1" 404 196
::1 - - [02/Mar/2022:20:07:59 -0600] "GET /index.php/ HTTP/1.1" 404 196
::1 - - [02/Mar/2022:20:08:26 -0600] "GET /index.php/ HTTP/1.1" 404 196
::1 - - [02/Mar/2022:20:08:53 -0600] "GET /index.php/ HTTP/1.1" 404 196
::1 - - [02/Mar/2022:20:08:54 -0600] "GET /index.php/ HTTP/1.1" 404 196
::1 - - [02/Mar/2022:20:12:51 -0600] "GET / HTTP/1.1" 200 46
::1 - - [02/Mar/2022:20:13:00 -0600] "GET /index.php/ HTTP/1.1" 404 196
::1 - - [02/Mar/2022:20:14:29 -0600] "GET /index.php/ HTTP/1.1" 200 1809
::1 - - [02/Mar/2022:20:14:42 -0600] "GET /index.php/index.php HTTP/1.1" 200 1809
::1 - - [02/Mar/2022:20:21:47 -0600] "GET /index.php/index.php HTTP/1.1" 200 2058
::1 - - [02/Mar/2022:20:21:56 -0600] "POST /index.php/pages/index.php HTTP/1.1" 200 2058
::1 - - [02/Mar/2022:20:21:59 -0600] "POST /index.php/pages/pages/index.php HTTP/1.1" 200 2058
::1 - - [02/Mar/2022:20:22:27 -0600] "POST /index.php/pages/pages/pages/index.php HTTP/1.1" 200 2058
::1 - - [02/Mar/2022:20:22:31 -0600] "POST /index.php/pages/pages/pages/pages/index.php HTTP/1.1" 200 2058
::1 - - [02/Mar/2022:20:23:51 -0600] "GET /index.php/pages/pages/pages/pages/index.php HTTP/1.1" 200 2058
::1 - - [02/Mar/2022:20:23:57 -0600] "POST /index.php/pages/pages/pages/pages/pages/index.php HTTP/1.1" 200 2058
::1 - - [02/Mar/2022:20:40:25 -0600] "GET /index.php/pages/pages/pages/pages/pages/index.php HTTP/1.1" 200 2375
::1 - - [02/Mar/2022:20:41:48 -0600] "GET /index.php/pages/pages/pages/pages/pages/index.php HTTP/1.1" 200 2045
::1 - - [02/Mar/2022:20:41:54 -0600] "GET /index.php/pages/pages/pages/pages/pages/index.php HTTP/1.1" 200 2045
::1 - - [02/Mar/2022:20:52:37 -0600] "GET /index.php/pages/pages/pages/pages/pages/index.php HTTP/1.1" 200 1306
::1 - - [02/Mar/2022:21:02:22 -0600] "GET /index.php/pages/pages/pages/pages/pages/index.php HTTP/1.1" 200 1898
::1 - - [02/Mar/2022:21:03:04 -0600] "GET /index.php/pages/pages/pages/pages/pages/index.php HTTP/1.1" 200 2056
::1 - - [02/Mar/2022:21:03:12 -0600] "GET /index.php/pages/pages/pages/pages/pages/index.php HTTP/1.1" 200 2056
::1 - - [02/Mar/2022:21:03:13 -0600] "GET /index.php/pages/pages/pages/pages/pages/index.php HTTP/1.1" 200 2056
::1 - - [02/Mar/2022:21:03:19 -0600] "POST /index.php/pages/pages/pages/pages/pages/index.php HTTP/1.1" 200 2056
::1 - - [02/Mar/2022:21:03:22 -0600] "POST /index.php/pages/pages/pages/pages/pages/index.php HTTP/1.1" 200 2048
::1 - - [02/Mar/2022:21:03:51 -0600] "POST /index.php/pages/pages/pages/pages/pages/index.php HTTP/1.1" 200 2048
::1 - - [02/Mar/2022:21:03:56 -0600] "POST /index.php/pages/pages/pages/pages/pages/index.php HTTP/1.1" 200 2056
::1 - - [02/Mar/2022:21:06:51 -0600] "POST /index.php/pages/pages/pages/pages/pages/index.php HTTP/1.1" 200 2048
::1 - - [07/Mar/2022:11:23:59 -0600] "GET / HTTP/1.1" 200 46
::1 - - [07/Mar/2022:11:24:01 -0600] "GET /favicon.ico HTTP/1.1" 404 196
::1 - - [07/Mar/2022:11:24:10 -0600] "GET /info.php HTTP/1.1" 200 72483
::1 - - [07/Mar/2022:11:24:26 -0600] "GET /index.php/ HTTP/1.1" 200 2056
::1 - - [07/Mar/2022:11:24:44 -0600] "POST /index.php/ HTTP/1.1" 200 2048
::1 - - [07/Mar/2022:11:24:49 -0600] "POST /index.php/ HTTP/1.1" 200 2056
::1 - - [07/Mar/2022:11:47:32 -0600] "POST /index.php/ HTTP/1.1" 200 2096
::1 - - [07/Mar/2022:11:47:34 -0600] "GET /index.php/index.php HTTP/1.1" 200 2096
::1 - - [07/Mar/2022:11:47:42 -0600] "GET /index.php/index.php HTTP/1.1" 200 2096
::1 - - [07/Mar/2022:11:47:45 -0600] "GET /index.php/index.php HTTP/1.1" 200 2096
::1 - - [07/Mar/2022:11:48:48 -0600] "GET /index.php/index.php HTTP/1.1" 200 2070
::1 - - [07/Mar/2022:11:48:50 -0600] "GET /index.php/pages/index.php HTTP/1.1" 200 2070
::1 - - [07/Mar/2022:11:48:51 -0600] "GET /index.php/pages/pages/index.php HTTP/1.1" 200 2070
::1 - - [07/Mar/2022:11:48:52 -0600] "GET /index.php/pages/pages/pages/index.php HTTP/1.1" 200 2070
::1 - - [07/Mar/2022:11:49:49 -0600] "GET /index.php/pages/pages/pages/index.php HTTP/1.1" 200 2077
::1 - - [07/Mar/2022:11:49:55 -0600] "GET /index.php/pages/pages/pages/htdocs/pages/index.php HTTP/1.1" 200 2077
::1 - - [07/Mar/2022:11:49:59 -0600] "GET /index.php/pages/pages/pages/index.php HTTP/1.1" 200 2077
::1 - - [07/Mar/2022:11:51:45 -0600] "GET /index.php/pages/pages/pages/index.php HTTP/1.1" 200 2071
::1 - - [07/Mar/2022:11:51:50 -0600] "GET /pages/index.php HTTP/1.1" 200 684
::1 - - [07/Mar/2022:11:55:44 -0600] "GET /index.php/pages/pages/pages/index.php HTTP/1.1" 200 2072
::1 - - [07/Mar/2022:11:55:45 -0600] "GET /index.php HTTP/1.1" 200 2072
::1 - - [07/Mar/2022:11:55:48 -0600] "GET /pages/index.php HTTP/1.1" 200 684
::1 - - [07/Mar/2022:11:55:51 -0600] "GET /index.php HTTP/1.1" 200 2072
::1 - - [07/Mar/2022:11:55:53 -0600] "GET /index.php HTTP/1.1" 200 2072
::1 - - [07/Mar/2022:11:55:55 -0600] "POST /index.php HTTP/1.1" 200 2064
::1 - - [07/Mar/2022:11:55:57 -0600] "GET /pages/index.php HTTP/1.1" 200 684
::1 - - [07/Mar/2022:11:56:02 -0600] "GET /index.php HTTP/1.1" 200 2072
::1 - - [07/Mar/2022:11:56:34 -0600] "GET /index.php HTTP/1.1" 200 2078
::1 - - [07/Mar/2022:11:56:36 -0600] "GET /pages/index.php HTTP/1.1" 200 684
::1 - - [07/Mar/2022:11:59:49 -0600] "GET /index.php HTTP/1.1" 200 2078
::1 - - [07/Mar/2022:12:00:01 -0600] "GET /nav.php/ HTTP/1.1" 200 1158
::1 - - [07/Mar/2022:12:01:03 -0600] "GET /nav.php/ HTTP/1.1" 200 1842
::1 - - [07/Mar/2022:12:01:13 -0600] "GET / HTTP/1.1" 200 46
::1 - - [07/Mar/2022:12:01:19 -0600] "GET /nav.php/ HTTP/1.1" 200 1842
::1 - - [07/Mar/2022:12:02:40 -0600] "GET /nav.php/ HTTP/1.1" 200 1827
::1 - - [07/Mar/2022:12:03:13 -0600] "GET /nav.php/ HTTP/1.1" 200 1827
::1 - - [07/Mar/2022:12:03:43 -0600] "GET /index.php/ HTTP/1.1" 200 2747
::1 - - [07/Mar/2022:12:03:51 -0600] "GET /pages/index.php HTTP/1.1" 200 150
::1 - - [07/Mar/2022:12:10:08 -0600] "GET / HTTP/1.1" 200 46
::1 - - [07/Mar/2022:12:10:18 -0600] "GET /nav.php/ HTTP/1.1" 200 1827
::1 - - [07/Mar/2022:12:10:25 -0600] "GET /index.php/ HTTP/1.1" 200 2747
::1 - - [07/Mar/2022:12:10:29 -0600] "GET /pages/index.php HTTP/1.1" 200 150
::1 - - [07/Mar/2022:12:11:16 -0600] "GET /pages/index.php HTTP/1.1" 200 150
::1 - - [07/Mar/2022:12:14:42 -0600] "GET /pages/index.php HTTP/1.1" 200 3292
::1 - - [07/Mar/2022:12:15:39 -0600] "GET /pages/index.php HTTP/1.1" 200 3292
::1 - - [07/Mar/2022:12:15:50 -0600] "GET /pages/index.php HTTP/1.1" 200 3292
::1 - - [07/Mar/2022:12:16:11 -0600] "GET / HTTP/1.1" 200 46
::1 - - [07/Mar/2022:12:16:15 -0600] "GET /index.php/ HTTP/1.1" 200 2747
::1 - - [07/Mar/2022:12:16:18 -0600] "GET /pages/index.php HTTP/1.1" 200 3292
::1 - - [07/Mar/2022:12:16:54 -0600] "GET /nav.php/ HTTP/1.1" 200 1827
::1 - - [07/Mar/2022:15:15:30 -0600] "GET /nav.php/ HTTP/1.1" 200 1827
::1 - - [07/Mar/2022:15:15:45 -0600] "POST /nav.php/ HTTP/1.1" 200 1827
::1 - - [07/Mar/2022:15:15:52 -0600] "POST /nav.php/ HTTP/1.1" 200 1827
::1 - - [07/Mar/2022:15:15:59 -0600] "POST /nav.php/ HTTP/1.1" 200 1819
::1 - - [07/Mar/2022:15:18:09 -0600] "GET /nav.php/ HTTP/1.1" 200 1827
::1 - - [07/Mar/2022:15:20:43 -0600] "GET / HTTP/1.1" 200 46
::1 - - [07/Mar/2022:15:20:52 -0600] "GET /index.php/ HTTP/1.1" 200 2747
::1 - - [07/Mar/2022:15:22:13 -0600] "GET /index.php/ HTTP/1.1" 200 2747
::1 - - [07/Mar/2022:15:22:16 -0600] "GET /pages/index.php HTTP/1.1" 200 684
::1 - - [07/Mar/2022:15:22:25 -0600] "GET /pages/index.php HTTP/1.1" 200 684
::1 - - [07/Mar/2022:15:22:30 -0600] "GET /index.php/index.php HTTP/1.1" 200 2747
::1 - - [07/Mar/2022:15:22:33 -0600] "GET /pages/index.php HTTP/1.1" 200 684
::1 - - [07/Mar/2022:15:22:37 -0600] "GET /pages/index.php HTTP/1.1" 200 684
::1 - - [07/Mar/2022:15:24:20 -0600] "GET /pages/index.php HTTP/1.1" 200 684
::1 - - [07/Mar/2022:15:25:27 -0600] "GET /index.php/ HTTP/1.1" 200 2747
::1 - - [07/Mar/2022:15:25:34 -0600] "GET /index.php/ HTTP/1.1" 200 2747
::1 - - [07/Mar/2022:15:25:44 -0600] "GET /pages/index.php HTTP/1.1" 200 684
::1 - - [07/Mar/2022:15:25:54 -0600] "GET /pages/index.php HTTP/1.1" 200 684
::1 - - [07/Mar/2022:15:29:13 -0600] "GET /pages/index.php HTTP/1.1" 200 684
::1 - - [07/Mar/2022:15:29:20 -0600] "GET /index.php/ HTTP/1.1" 200 2057
::1 - - [07/Mar/2022:15:29:24 -0600] "GET /pages/index.php HTTP/1.1" 200 684
::1 - - [07/Mar/2022:15:29:29 -0600] "GET /pages/index.php HTTP/1.1" 200 684
::1 - - [07/Mar/2022:15:30:28 -0600] "GET /pages/index.php HTTP/1.1" 200 684
::1 - - [07/Mar/2022:15:33:36 -0600] "GET /index.php/ HTTP/1.1" 200 2042
::1 - - [07/Mar/2022:15:33:58 -0600] "POST /index.php/ HTTP/1.1" 200 2034
::1 - - [07/Mar/2022:15:34:08 -0600] "POST /index.php/ HTTP/1.1" 200 2042
::1 - - [07/Mar/2022:15:37:51 -0600] "GET /index.php/ HTTP/1.1" 200 2051
::1 - - [07/Mar/2022:15:37:53 -0600] "GET /index.php HTTP/1.1" 200 2051
::1 - - [07/Mar/2022:15:37:55 -0600] "GET /index.php HTTP/1.1" 200 2051
::1 - - [07/Mar/2022:15:37:59 -0600] "GET /index.php HTTP/1.1" 200 2051
::1 - - [07/Mar/2022:15:37:59 -0600] "GET /index.php HTTP/1.1" 200 2051
::1 - - [07/Mar/2022:15:38:12 -0600] "GET /index.php HTTP/1.1" 200 2053
::1 - - [07/Mar/2022:15:38:14 -0600] "GET /index.php HTTP/1.1" 200 2053
::1 - - [07/Mar/2022:15:38:17 -0600] "GET /index.php HTTP/1.1" 200 2053
::1 - - [07/Mar/2022:15:38:22 -0600] "POST /index.php HTTP/1.1" 200 2053
::1 - - [07/Mar/2022:15:38:24 -0600] "GET /index.php HTTP/1.1" 200 2053
::1 - - [07/Mar/2022:15:38:28 -0600] "POST /index.php HTTP/1.1" 200 2045
::1 - - [07/Mar/2022:15:38:31 -0600] "GET /index.php HTTP/1.1" 200 2053
::1 - - [07/Mar/2022:15:38:34 -0600] "GET /index.php HTTP/1.1" 200 2053
::1 - - [07/Mar/2022:15:39:22 -0600] "GET /index.php/ HTTP/1.1" 200 2076
::1 - - [07/Mar/2022:15:39:38 -0600] "GET /index.php/ HTTP/1.1" 200 2076
::1 - - [07/Mar/2022:15:41:06 -0600] "GET /index.php/ HTTP/1.1" 200 2077
::1 - - [07/Mar/2022:15:41:13 -0600] "GET /index.php HTTP/1.1" 200 2077
::1 - - [07/Mar/2022:15:41:14 -0600] "GET /index.php HTTP/1.1" 200 2077
::1 - - [07/Mar/2022:15:41:43 -0600] "GET /index.php/ HTTP/1.1" 200 2074
::1 - - [07/Mar/2022:15:42:02 -0600] "GET /index.php/ HTTP/1.1" 200 2074
::1 - - [07/Mar/2022:15:42:22 -0600] "GET /index.php HTTP/1.1" 200 2074
::1 - - [07/Mar/2022:15:43:45 -0600] "GET /index.php/ HTTP/1.1" 200 2092
::1 - - [07/Mar/2022:15:43:49 -0600] "GET /index.php HTTP/1.1" 200 2092
::1 - - [07/Mar/2022:15:43:54 -0600] "GET /index.php HTTP/1.1" 200 2092
::1 - - [07/Mar/2022:15:43:55 -0600] "GET /index.php HTTP/1.1" 200 2092
::1 - - [07/Mar/2022:16:12:00 -0600] "GET /index.php/ HTTP/1.1" 200 1565
::1 - - [07/Mar/2022:16:13:59 -0600] "GET /index.php/ HTTP/1.1" 200 2403
::1 - - [07/Mar/2022:16:14:29 -0600] "GET /index.php/ HTTP/1.1" 200 2395
::1 - - [07/Mar/2022:16:14:44 -0600] "GET /index.php/ HTTP/1.1" 200 721
::1 - - [07/Mar/2022:16:14:57 -0600] "GET /index.php/ HTTP/1.1" 200 725
::1 - - [07/Mar/2022:16:15:41 -0600] "GET /index.php/ HTTP/1.1" 200 2395
::1 - - [07/Mar/2022:16:17:02 -0600] "GET /index.php/ HTTP/1.1" 200 2069
::1 - - [07/Mar/2022:16:17:30 -0600] "GET /index.php/ HTTP/1.1" 200 2069
::1 - - [07/Mar/2022:16:20:24 -0600] "GET /index.php/ HTTP/1.1" 200 2069
::1 - - [07/Mar/2022:16:21:27 -0600] "GET /index.php/ HTTP/1.1" 200 2078
::1 - - [07/Mar/2022:16:21:30 -0600] "GET /index.php/pagina.php HTTP/1.1" 200 2078
::1 - - [07/Mar/2022:16:21:34 -0600] "GET /index.php/pagina.php HTTP/1.1" 200 2078
::1 - - [07/Mar/2022:16:21:35 -0600] "GET /index.php HTTP/1.1" 200 2078
::1 - - [07/Mar/2022:16:22:14 -0600] "GET /index.php HTTP/1.1" 200 2079
::1 - - [07/Mar/2022:16:22:17 -0600] "GET /pagina.php HTTP/1.1" 200 2077
::1 - - [07/Mar/2022:16:22:54 -0600] "GET /index.php/ HTTP/1.1" 200 2088
::1 - - [07/Mar/2022:16:22:56 -0600] "GET /pagina.php HTTP/1.1" 200 2086
::1 - - [07/Mar/2022:16:22:57 -0600] "GET /index.php HTTP/1.1" 200 2088
::1 - - [07/Mar/2022:16:22:58 -0600] "GET /pagina.php HTTP/1.1" 200 2086
::1 - - [07/Mar/2022:16:22:59 -0600] "GET /index.php HTTP/1.1" 200 2088
::1 - - [07/Mar/2022:16:33:42 -0600] "GET /pagina.php HTTP/1.1" 200 2086
::1 - - [07/Mar/2022:16:33:44 -0600] "GET /index.php HTTP/1.1" 200 2088
::1 - - [07/Mar/2022:16:34:57 -0600] "GET /pagina.php HTTP/1.1" 200 2086
::1 - - [07/Mar/2022:16:46:12 -0600] "GET /index.php/ HTTP/1.1" 200 2088
::1 - - [07/Mar/2022:16:46:27 -0600] "GET /pagina.php HTTP/1.1" 200 2086
::1 - - [07/Mar/2022:16:50:58 -0600] "GET /index.php HTTP/1.1" 200 2088
::1 - - [07/Mar/2022:16:51:00 -0600] "GET /pagina.php HTTP/1.1" 200 2086
::1 - - [07/Mar/2022:16:52:42 -0600] "GET /pagina.php HTTP/1.1" 200 2105
::1 - - [07/Mar/2022:16:53:10 -0600] "GET /pagina.php HTTP/1.1" 200 2106
::1 - - [07/Mar/2022:16:56:17 -0600] "GET /pagina.php HTTP/1.1" 200 2183
::1 - - [07/Mar/2022:17:02:08 -0600] "GET /pagina.php HTTP/1.1" 200 2150
::1 - - [07/Mar/2022:17:04:42 -0600] "GET /pagina.php HTTP/1.1" 200 2407
::1 - - [07/Mar/2022:17:05:00 -0600] "GET /pagina.php HTTP/1.1" 200 2391
::1 - - [07/Mar/2022:17:05:32 -0600] "GET /pagina.php HTTP/1.1" 200 2386
::1 - - [07/Mar/2022:17:07:18 -0600] "GET /pagina.php HTTP/1.1" 200 2412
::1 - - [07/Mar/2022:17:10:27 -0600] "GET /pagina.php HTTP/1.1" 200 2413
::1 - - [07/Mar/2022:17:11:25 -0600] "GET /pagina.php HTTP/1.1" 200 2413
::1 - - [07/Mar/2022:17:11:37 -0600] "GET /pagina.php HTTP/1.1" 200 2419
::1 - - [07/Mar/2022:17:11:52 -0600] "GET /pagina.php HTTP/1.1" 200 2416
::1 - - [07/Mar/2022:17:12:26 -0600] "GET /pagina.php HTTP/1.1" 200 2407
::1 - - [07/Mar/2022:17:14:47 -0600] "GET /pagina.php HTTP/1.1" 200 2435
::1 - - [07/Mar/2022:17:15:02 -0600] "POST /pagina.php HTTP/1.1" 200 2427
::1 - - [07/Mar/2022:17:15:06 -0600] "POST /pagina.php HTTP/1.1" 200 2435
::1 - - [07/Mar/2022:17:15:49 -0600] "GET /pagina.php HTTP/1.1" 200 2463
::1 - - [07/Mar/2022:17:16:19 -0600] "GET /pagina.php HTTP/1.1" 200 2463
::1 - - [07/Mar/2022:17:16:34 -0600] "GET /pagina.php HTTP/1.1" 200 2435
::1 - - [07/Mar/2022:17:16:55 -0600] "GET /pagina.php HTTP/1.1" 200 2407
::1 - - [07/Mar/2022:17:17:09 -0600] "GET /pagina.php HTTP/1.1" 200 2407
::1 - - [07/Mar/2022:17:17:11 -0600] "GET /index.php HTTP/1.1" 200 2088
::1 - - [07/Mar/2022:17:17:13 -0600] "GET /pagina.php HTTP/1.1" 200 2407
::1 - - [07/Mar/2022:17:45:11 -0600] "GET / HTTP/1.1" 200 46
::1 - - [07/Mar/2022:17:45:14 -0600] "GET /index.php/ HTTP/1.1" 200 2088
::1 - - [07/Mar/2022:17:45:17 -0600] "GET /index.php HTTP/1.1" 200 2088
::1 - - [07/Mar/2022:17:45:22 -0600] "GET /pagina.php HTTP/1.1" 200 2407
::1 - - [07/Mar/2022:17:45:27 -0600] "POST /pagina.php HTTP/1.1" 200 2399
::1 - - [07/Mar/2022:19:54:26 -0600] "GET / HTTP/1.1" 200 46
::1 - - [07/Mar/2022:19:54:45 -0600] "GET / HTTP/1.1" 200 46
::1 - - [07/Mar/2022:19:54:50 -0600] "GET /index.php/ HTTP/1.1" 200 721
::1 - - [07/Mar/2022:19:55:45 -0600] "GET /index.php/ HTTP/1.1" 200 721
::1 - - [07/Mar/2022:19:55:48 -0600] "GET /index.php/ HTTP/1.1" 200 721
::1 - - [07/Mar/2022:19:57:03 -0600] "GET /index.php/ HTTP/1.1" 200 2462
::1 - - [07/Mar/2022:19:57:32 -0600] "GET /index.php/ HTTP/1.1" 200 2088
::1 - - [07/Mar/2022:19:57:34 -0600] "GET /pagina.php HTTP/1.1" 200 2407
::1 - - [07/Mar/2022:19:57:36 -0600] "GET /index.php HTTP/1.1" 200 2088
::1 - - [07/Mar/2022:19:57:38 -0600] "GET /pagina.php HTTP/1.1" 200 2407
::1 - - [07/Mar/2022:19:57:39 -0600] "GET /index.php HTTP/1.1" 200 2088
::1 - - [07/Mar/2022:19:58:04 -0600] "GET /index.php HTTP/1.1" 200 2088
::1 - - [07/Mar/2022:19:58:06 -0600] "GET /index.php HTTP/1.1" 200 2088
::1 - - [07/Mar/2022:19:58:08 -0600] "GET /pagina.php HTTP/1.1" 200 2407
::1 - - [07/Mar/2022:19:58:11 -0600] "GET /index.php HTTP/1.1" 200 2088
::1 - - [07/Mar/2022:19:58:13 -0600] "GET /pagina.php HTTP/1.1" 200 2407
::1 - - [07/Mar/2022:19:58:23 -0600] "GET /index.php HTTP/1.1" 200 2088
::1 - - [07/Mar/2022:19:58:25 -0600] "GET /pagina.php HTTP/1.1" 200 2407
::1 - - [07/Mar/2022:19:58:32 -0600] "GET /index.php HTTP/1.1" 200 2088
::1 - - [07/Mar/2022:19:59:32 -0600] "-" 408 -
::1 - - [16/Mar/2022:08:18:47 -0600] "GET / HTTP/1.1" 200 46
::1 - - [16/Mar/2022:08:18:48 -0600] "GET /favicon.ico HTTP/1.1" 404 196
::1 - - [16/Mar/2022:08:19:12 -0600] "GET /index.php HTTP/1.1" 200 2088
::1 - - [16/Mar/2022:08:19:29 -0600] "GET /index.php HTTP/1.1" 200 2088
::1 - - [16/Mar/2022:08:19:55 -0600] "GET /pagina.php HTTP/1.1" 200 2407
::1 - - [16/Mar/2022:08:19:58 -0600] "GET /index.php HTTP/1.1" 200 2088
::1 - - [22/Mar/2022:19:15:15 -0600] "\x16\x03\x01\x02" 400 226
::1 - - [22/Mar/2022:19:15:15 -0600] "\x16\x03\x01\x02" 400 226
::1 - - [22/Mar/2022:19:15:15 -0600] "\x16\x03\x01\x02" 400 226
::1 - - [22/Mar/2022:19:15:15 -0600] "\x16\x03\x01\x02" 400 226
127.0.0.1 - - [22/Mar/2022:20:32:35 -0600] "GET /phpmyadmin/ HTTP/1.1" 404 196
127.0.0.1 - - [22/Mar/2022:20:32:35 -0600] "GET /favicon.ico HTTP/1.1" 404 196
::1 - - [22/Mar/2022:20:40:34 -0600] "GET /phpmyadmin HTTP/1.1" 404 196
::1 - - [22/Mar/2022:20:40:36 -0600] "GET /favicon.ico HTTP/1.1" 404 196
::1 - - [22/Mar/2022:20:41:46 -0600] "GET /phpmyadmin HTTP/1.1" 404 196
::1 - - [26/Mar/2022:17:36:12 -0600] "GET /phpmyadmin/ HTTP/1.1" 404 196
::1 - - [26/Mar/2022:17:36:12 -0600] "GET /favicon.ico HTTP/1.1" 404 196
::1 - - [26/Mar/2022:17:36:36 -0600] "GET /phpmyadmin/ HTTP/1.1" 404 196
::1 - - [26/Mar/2022:17:36:49 -0600] "GET /phpmyadmin/ HTTP/1.1" 404 196
::1 - - [26/Mar/2022:19:06:59 -0600] "GET /phpmyadmin/ HTTP/1.1" 404 196
127.0.0.1 - - [05/Apr/2022:19:29:03 -0600] "GET / HTTP/1.1" 200 46
127.0.0.1 - - [05/Apr/2022:19:29:04 -0600] "GET /favicon.ico HTTP/1.1" 404 196
127.0.0.1 - - [05/Apr/2022:19:29:14 -0600] "GET /info.php HTTP/1.1" 200 78011
127.0.0.1 - - [05/Apr/2022:19:29:22 -0600] "GET /index.php HTTP/1.1" 200 2088
127.0.0.1 - - [05/Apr/2022:19:29:30 -0600] "GET /pagina.php HTTP/1.1" 200 2407
127.0.0.1 - - [05/Apr/2022:19:29:32 -0600] "GET /index.php HTTP/1.1" 200 2088
127.0.0.1 - - [05/Apr/2022:19:29:33 -0600] "GET /pagina.php HTTP/1.1" 200 2407
127.0.0.1 - - [05/Apr/2022:19:29:39 -0600] "GET /index.php HTTP/1.1" 200 2088
127.0.0.1 - - [05/Apr/2022:19:29:40 -0600] "GET /index.php HTTP/1.1" 200 2088
